app/build/intermediates/manifest_merge_blame_file/debug/manifest-merger-blame-debug-report.txt
1<?xml version="1.0" encoding="utf-8"?>
2<manifest xmlns:android="http://schemas.android.com/apk/res/android"
3    package="net.planner.planet" >
4
5    <uses-sdk
6        android:minSdkVersion="21"
6-->src\main\AndroidManifest.xml
7        android:targetSdkVersion="30" />
7-->src\main\AndroidManifest.xml
8
9    <uses-permission android:name="android.permission.READ_CALENDAR" />
9-->src\main\AndroidManifest.xml:5:5-72
9-->src\main\AndroidManifest.xml:5:22-69
10    <uses-permission android:name="android.permission.WRITE_CALENDAR" />
10-->src\main\AndroidManifest.xml:6:5-73
10-->src\main\AndroidManifest.xml:6:22-70
11
12    <application
12-->src\main\AndroidManifest.xml:8:5-14:47
13        android:allowBackup="true"
13-->src\main\AndroidManifest.xml:9:9-35
14        android:icon="@mipmap/ic_launcher"
14-->src\main\AndroidManifest.xml:10:9-43
15        android:label="@string/app_name"
15-->src\main\AndroidManifest.xml:11:9-41
16        android:roundIcon="@mipmap/ic_launcher_round"
16-->src\main\AndroidManifest.xml:12:9-54
17        android:supportsRtl="true"
17-->src\main\AndroidManifest.xml:13:9-35
18        android:theme="@style/Theme.PLANet" />
18-->src\main\AndroidManifest.xml:14:9-44
19
20</manifest>